{"C:\\Users\\Admin\\Desktop\\grupo-2\\booking-project\\src\\App.js": {"path":"C:\\Users\\Admin\\Desktop\\grupo-2\\booking-project\\src\\App.js","statementMap":{"0":{"start":{"line":11,"column":0},"end":{"line":11,"column":27}},"1":{"start":{"line":14,"column":34},"end":{"line":17,"column":4}},"2":{"start":{"line":19,"column":13},"end":{"line":22,"column":3}},"3":{"start":{"line":24,"column":2},"end":{"line":30,"column":4}}},"fnMap":{"0":{"name":"App","decl":{"start":{"line":13,"column":9},"end":{"line":13,"column":12}},"loc":{"start":{"line":13,"column":15},"end":{"line":31,"column":1}},"line":13}},"branchMap":{},"s":{"0":2,"1":2,"2":2,"3":2},"f":{"0":2},"b":{},"_coverageSchema":"1a1c01bbd47fc00a2c39e90264f33305004495a9","hash":"2b63a6f3305c834216485f0c5331e6c7d6c2d3e3"}
,"C:\\Users\\Admin\\Desktop\\grupo-2\\booking-project\\src\\index.js": {"path":"C:\\Users\\Admin\\Desktop\\grupo-2\\booking-project\\src\\index.js","statementMap":{"0":{"start":{"line":7,"column":0},"end":{"line":12,"column":2}}},"fnMap":{},"branchMap":{},"s":{"0":0},"f":{},"b":{}}
,"C:\\Users\\Admin\\Desktop\\grupo-2\\booking-project\\src\\components\\Home\\HomeScreen.js": {"path":"C:\\Users\\Admin\\Desktop\\grupo-2\\booking-project\\src\\components\\Home\\HomeScreen.js","statementMap":{"0":{"start":{"line":7,"column":26},"end":{"line":34,"column":1}},"1":{"start":{"line":8,"column":24},"end":{"line":19,"column":5}},"2":{"start":{"line":21,"column":4},"end":{"line":33,"column":5}}},"fnMap":{"0":{"name":"(anonymous_0)","decl":{"start":{"line":7,"column":26},"end":{"line":7,"column":27}},"loc":{"start":{"line":7,"column":32},"end":{"line":34,"column":1}},"line":7}},"branchMap":{},"s":{"0":2,"1":1,"2":1},"f":{"0":1},"b":{},"_coverageSchema":"1a1c01bbd47fc00a2c39e90264f33305004495a9","hash":"059da64966414bb129b04cbb5285247042ba46d9"}
,"C:\\Users\\Admin\\Desktop\\grupo-2\\booking-project\\src\\components\\auth\\Login.js": {"path":"C:\\Users\\Admin\\Desktop\\grupo-2\\booking-project\\src\\components\\auth\\Login.js","statementMap":{"0":{"start":{"line":6,"column":14},"end":{"line":121,"column":1}},"1":{"start":{"line":7,"column":18},"end":{"line":7,"column":30}},"2":{"start":{"line":8,"column":23},"end":{"line":13,"column":3}},"3":{"start":{"line":14,"column":22},"end":{"line":14,"column":45}},"4":{"start":{"line":15,"column":22},"end":{"line":30,"column":3}},"5":{"start":{"line":16,"column":4},"end":{"line":16,"column":23}},"6":{"start":{"line":18,"column":4},"end":{"line":29,"column":5}},"7":{"start":{"line":19,"column":6},"end":{"line":22,"column":9}},"8":{"start":{"line":23,"column":6},"end":{"line":23,"column":24}},"9":{"start":{"line":25,"column":18},"end":{"line":25,"column":67}},"10":{"start":{"line":27,"column":6},"end":{"line":27,"column":53}},"11":{"start":{"line":27,"column":27},"end":{"line":27,"column":51}},"12":{"start":{"line":32,"column":34},"end":{"line":35,"column":4}},"13":{"start":{"line":38,"column":25},"end":{"line":71,"column":3}},"14":{"start":{"line":39,"column":15},"end":{"line":39,"column":47}},"15":{"start":{"line":40,"column":19},"end":{"line":40,"column":54}},"16":{"start":{"line":41,"column":20},"end":{"line":41,"column":30}},"17":{"start":{"line":42,"column":24},"end":{"line":42,"column":38}},"18":{"start":{"line":43,"column":17},"end":{"line":43,"column":18}},"19":{"start":{"line":45,"column":4},"end":{"line":69,"column":5}},"20":{"start":{"line":46,"column":6},"end":{"line":49,"column":9}},"21":{"start":{"line":50,"column":11},"end":{"line":69,"column":5}},"22":{"start":{"line":51,"column":6},"end":{"line":54,"column":9}},"23":{"start":{"line":57,"column":9},"end":{"line":69,"column":5}},"24":{"start":{"line":58,"column":6},"end":{"line":61,"column":9}},"25":{"start":{"line":62,"column":11},"end":{"line":69,"column":5}},"26":{"start":{"line":63,"column":6},"end":{"line":66,"column":9}},"27":{"start":{"line":68,"column":6},"end":{"line":68,"column":17}},"28":{"start":{"line":70,"column":4},"end":{"line":70,"column":18}},"29":{"start":{"line":74,"column":18},"end":{"line":77,"column":5}},"30":{"start":{"line":75,"column":4},"end":{"line":77,"column":5}},"31":{"start":{"line":79,"column":2},"end":{"line":120,"column":4}}},"fnMap":{"0":{"name":"(anonymous_0)","decl":{"start":{"line":6,"column":14},"end":{"line":6,"column":15}},"loc":{"start":{"line":6,"column":20},"end":{"line":121,"column":1}},"line":6},"1":{"name":"(anonymous_1)","decl":{"start":{"line":15,"column":22},"end":{"line":15,"column":23}},"loc":{"start":{"line":15,"column":29},"end":{"line":30,"column":3}},"line":15},"2":{"name":"(anonymous_2)","decl":{"start":{"line":27,"column":20},"end":{"line":27,"column":21}},"loc":{"start":{"line":27,"column":27},"end":{"line":27,"column":51}},"line":27},"3":{"name":"(anonymous_3)","decl":{"start":{"line":38,"column":25},"end":{"line":38,"column":26}},"loc":{"start":{"line":38,"column":31},"end":{"line":71,"column":3}},"line":38},"4":{"name":"(anonymous_4)","decl":{"start":{"line":74,"column":18},"end":{"line":74,"column":19}},"loc":{"start":{"line":75,"column":4},"end":{"line":77,"column":5}},"line":75}},"branchMap":{"0":{"loc":{"start":{"line":18,"column":4},"end":{"line":29,"column":5}},"type":"if","locations":[{"start":{"line":18,"column":4},"end":{"line":29,"column":5}},{"start":{"line":18,"column":4},"end":{"line":29,"column":5}}],"line":18},"1":{"loc":{"start":{"line":45,"column":4},"end":{"line":69,"column":5}},"type":"if","locations":[{"start":{"line":45,"column":4},"end":{"line":69,"column":5}},{"start":{"line":45,"column":4},"end":{"line":69,"column":5}}],"line":45},"2":{"loc":{"start":{"line":50,"column":11},"end":{"line":69,"column":5}},"type":"if","locations":[{"start":{"line":50,"column":11},"end":{"line":69,"column":5}},{"start":{"line":50,"column":11},"end":{"line":69,"column":5}}],"line":50},"3":{"loc":{"start":{"line":57,"column":9},"end":{"line":69,"column":5}},"type":"if","locations":[{"start":{"line":57,"column":9},"end":{"line":69,"column":5}},{"start":{"line":57,"column":9},"end":{"line":69,"column":5}}],"line":57},"4":{"loc":{"start":{"line":62,"column":11},"end":{"line":69,"column":5}},"type":"if","locations":[{"start":{"line":62,"column":11},"end":{"line":69,"column":5}},{"start":{"line":62,"column":11},"end":{"line":69,"column":5}}],"line":62}},"s":{"0":2,"1":0,"2":0,"3":0,"4":0,"5":0,"6":0,"7":0,"8":0,"9":0,"10":0,"11":0,"12":0,"13":0,"14":0,"15":0,"16":0,"17":0,"18":0,"19":0,"20":0,"21":0,"22":0,"23":0,"24":0,"25":0,"26":0,"27":0,"28":0,"29":0,"30":0,"31":0},"f":{"0":0,"1":0,"2":0,"3":0,"4":0},"b":{"0":[0,0],"1":[0,0],"2":[0,0],"3":[0,0],"4":[0,0]},"_coverageSchema":"1a1c01bbd47fc00a2c39e90264f33305004495a9","hash":"52551513dadc1d2545c4c90bb01f2e68a11d100a"}
,"C:\\Users\\Admin\\Desktop\\grupo-2\\booking-project\\src\\components\\auth\\Singup.js": {"path":"C:\\Users\\Admin\\Desktop\\grupo-2\\booking-project\\src\\components\\auth\\Singup.js","statementMap":{"0":{"start":{"line":7,"column":15},"end":{"line":165,"column":1}},"1":{"start":{"line":8,"column":18},"end":{"line":8,"column":30}},"2":{"start":{"line":9,"column":22},"end":{"line":15,"column":3}},"3":{"start":{"line":17,"column":22},"end":{"line":28,"column":3}},"4":{"start":{"line":18,"column":4},"end":{"line":18,"column":23}},"5":{"start":{"line":20,"column":4},"end":{"line":27,"column":5}},"6":{"start":{"line":21,"column":6},"end":{"line":21,"column":24}},"7":{"start":{"line":22,"column":6},"end":{"line":22,"column":40}},"8":{"start":{"line":24,"column":18},"end":{"line":24,"column":67}},"9":{"start":{"line":26,"column":6},"end":{"line":26,"column":53}},"10":{"start":{"line":26,"column":27},"end":{"line":26,"column":51}},"11":{"start":{"line":30,"column":34},"end":{"line":36,"column":4}},"12":{"start":{"line":39,"column":25},"end":{"line":92,"column":3}},"13":{"start":{"line":40,"column":15},"end":{"line":40,"column":47}},"14":{"start":{"line":41,"column":15},"end":{"line":41,"column":52}},"15":{"start":{"line":42,"column":19},"end":{"line":42,"column":60}},"16":{"start":{"line":43,"column":19},"end":{"line":43,"column":54}},"17":{"start":{"line":44,"column":20},"end":{"line":44,"column":62}},"18":{"start":{"line":45,"column":20},"end":{"line":45,"column":30}},"19":{"start":{"line":46,"column":24},"end":{"line":46,"column":38}},"20":{"start":{"line":47,"column":17},"end":{"line":47,"column":18}},"21":{"start":{"line":49,"column":4},"end":{"line":89,"column":5}},"22":{"start":{"line":50,"column":6},"end":{"line":53,"column":9}},"23":{"start":{"line":54,"column":11},"end":{"line":89,"column":5}},"24":{"start":{"line":55,"column":6},"end":{"line":58,"column":9}},"25":{"start":{"line":59,"column":11},"end":{"line":89,"column":5}},"26":{"start":{"line":60,"column":6},"end":{"line":63,"column":9}},"27":{"start":{"line":64,"column":11},"end":{"line":89,"column":5}},"28":{"start":{"line":65,"column":6},"end":{"line":68,"column":9}},"29":{"start":{"line":71,"column":9},"end":{"line":89,"column":5}},"30":{"start":{"line":72,"column":6},"end":{"line":75,"column":9}},"31":{"start":{"line":76,"column":11},"end":{"line":89,"column":5}},"32":{"start":{"line":77,"column":6},"end":{"line":80,"column":9}},"33":{"start":{"line":81,"column":11},"end":{"line":89,"column":5}},"34":{"start":{"line":82,"column":6},"end":{"line":86,"column":9}},"35":{"start":{"line":88,"column":6},"end":{"line":88,"column":17}},"36":{"start":{"line":90,"column":4},"end":{"line":90,"column":24}},"37":{"start":{"line":91,"column":4},"end":{"line":91,"column":18}},"38":{"start":{"line":95,"column":18},"end":{"line":98,"column":5}},"39":{"start":{"line":96,"column":4},"end":{"line":98,"column":5}},"40":{"start":{"line":100,"column":2},"end":{"line":164,"column":4}}},"fnMap":{"0":{"name":"(anonymous_0)","decl":{"start":{"line":7,"column":15},"end":{"line":7,"column":16}},"loc":{"start":{"line":7,"column":21},"end":{"line":165,"column":1}},"line":7},"1":{"name":"(anonymous_1)","decl":{"start":{"line":17,"column":22},"end":{"line":17,"column":23}},"loc":{"start":{"line":17,"column":29},"end":{"line":28,"column":3}},"line":17},"2":{"name":"(anonymous_2)","decl":{"start":{"line":26,"column":20},"end":{"line":26,"column":21}},"loc":{"start":{"line":26,"column":27},"end":{"line":26,"column":51}},"line":26},"3":{"name":"(anonymous_3)","decl":{"start":{"line":39,"column":25},"end":{"line":39,"column":26}},"loc":{"start":{"line":39,"column":31},"end":{"line":92,"column":3}},"line":39},"4":{"name":"(anonymous_4)","decl":{"start":{"line":95,"column":18},"end":{"line":95,"column":19}},"loc":{"start":{"line":96,"column":4},"end":{"line":98,"column":5}},"line":96}},"branchMap":{"0":{"loc":{"start":{"line":20,"column":4},"end":{"line":27,"column":5}},"type":"if","locations":[{"start":{"line":20,"column":4},"end":{"line":27,"column":5}},{"start":{"line":20,"column":4},"end":{"line":27,"column":5}}],"line":20},"1":{"loc":{"start":{"line":49,"column":4},"end":{"line":89,"column":5}},"type":"if","locations":[{"start":{"line":49,"column":4},"end":{"line":89,"column":5}},{"start":{"line":49,"column":4},"end":{"line":89,"column":5}}],"line":49},"2":{"loc":{"start":{"line":49,"column":8},"end":{"line":49,"column":38}},"type":"binary-expr","locations":[{"start":{"line":49,"column":8},"end":{"line":49,"column":19}},{"start":{"line":49,"column":23},"end":{"line":49,"column":38}}],"line":49},"3":{"loc":{"start":{"line":54,"column":11},"end":{"line":89,"column":5}},"type":"if","locations":[{"start":{"line":54,"column":11},"end":{"line":89,"column":5}},{"start":{"line":54,"column":11},"end":{"line":89,"column":5}}],"line":54},"4":{"loc":{"start":{"line":54,"column":15},"end":{"line":54,"column":53}},"type":"binary-expr","locations":[{"start":{"line":54,"column":15},"end":{"line":54,"column":30}},{"start":{"line":54,"column":34},"end":{"line":54,"column":53}}],"line":54},"5":{"loc":{"start":{"line":59,"column":11},"end":{"line":89,"column":5}},"type":"if","locations":[{"start":{"line":59,"column":11},"end":{"line":89,"column":5}},{"start":{"line":59,"column":11},"end":{"line":89,"column":5}}],"line":59},"6":{"loc":{"start":{"line":64,"column":11},"end":{"line":89,"column":5}},"type":"if","locations":[{"start":{"line":64,"column":11},"end":{"line":89,"column":5}},{"start":{"line":64,"column":11},"end":{"line":89,"column":5}}],"line":64},"7":{"loc":{"start":{"line":71,"column":9},"end":{"line":89,"column":5}},"type":"if","locations":[{"start":{"line":71,"column":9},"end":{"line":89,"column":5}},{"start":{"line":71,"column":9},"end":{"line":89,"column":5}}],"line":71},"8":{"loc":{"start":{"line":76,"column":11},"end":{"line":89,"column":5}},"type":"if","locations":[{"start":{"line":76,"column":11},"end":{"line":89,"column":5}},{"start":{"line":76,"column":11},"end":{"line":89,"column":5}}],"line":76},"9":{"loc":{"start":{"line":81,"column":11},"end":{"line":89,"column":5}},"type":"if","locations":[{"start":{"line":81,"column":11},"end":{"line":89,"column":5}},{"start":{"line":81,"column":11},"end":{"line":89,"column":5}}],"line":81},"10":{"loc":{"start":{"line":81,"column":15},"end":{"line":81,"column":58}},"type":"binary-expr","locations":[{"start":{"line":81,"column":15},"end":{"line":81,"column":28}},{"start":{"line":81,"column":32},"end":{"line":81,"column":58}}],"line":81}},"s":{"0":2,"1":0,"2":0,"3":0,"4":0,"5":0,"6":0,"7":0,"8":0,"9":0,"10":0,"11":0,"12":0,"13":0,"14":0,"15":0,"16":0,"17":0,"18":0,"19":0,"20":0,"21":0,"22":0,"23":0,"24":0,"25":0,"26":0,"27":0,"28":0,"29":0,"30":0,"31":0,"32":0,"33":0,"34":0,"35":0,"36":0,"37":0,"38":0,"39":0,"40":0},"f":{"0":0,"1":0,"2":0,"3":0,"4":0},"b":{"0":[0,0],"1":[0,0],"2":[0,0],"3":[0,0],"4":[0,0],"5":[0,0],"6":[0,0],"7":[0,0],"8":[0,0],"9":[0,0],"10":[0,0]},"_coverageSchema":"1a1c01bbd47fc00a2c39e90264f33305004495a9","hash":"adb965999bf641108e45b34a307dc18eb54dfeca"}
,"C:\\Users\\Admin\\Desktop\\grupo-2\\booking-project\\src\\components\\button\\ButtonLink.js": {"path":"C:\\Users\\Admin\\Desktop\\grupo-2\\booking-project\\src\\components\\button\\ButtonLink.js","statementMap":{"0":{"start":{"line":3,"column":26},"end":{"line":10,"column":1}},"1":{"start":{"line":4,"column":4},"end":{"line":9,"column":5}}},"fnMap":{"0":{"name":"(anonymous_0)","decl":{"start":{"line":3,"column":26},"end":{"line":3,"column":27}},"loc":{"start":{"line":3,"column":60},"end":{"line":10,"column":1}},"line":3}},"branchMap":{"0":{"loc":{"start":{"line":3,"column":28},"end":{"line":3,"column":45}},"type":"default-arg","locations":[{"start":{"line":3,"column":40},"end":{"line":3,"column":45}}],"line":3}},"s":{"0":6,"1":2},"f":{"0":2},"b":{"0":[0]},"_coverageSchema":"1a1c01bbd47fc00a2c39e90264f33305004495a9","hash":"e1f771c8a17fd732bf007a523b713ebd17612de4"}
,"C:\\Users\\Admin\\Desktop\\grupo-2\\booking-project\\src\\components\\carDetails\\CarCalendarResponsive.jsx": {"path":"C:\\Users\\Admin\\Desktop\\grupo-2\\booking-project\\src\\components\\carDetails\\CarCalendarResponsive.jsx","statementMap":{"0":{"start":{"line":5,"column":30},"end":{"line":5,"column":40}},"1":{"start":{"line":6,"column":30},"end":{"line":6,"column":45}},"2":{"start":{"line":7,"column":16},"end":{"line":7,"column":33}},"3":{"start":{"line":9,"column":2},"end":{"line":21,"column":3}}},"fnMap":{"0":{"name":"CarCalendarResponsive","decl":{"start":{"line":4,"column":9},"end":{"line":4,"column":30}},"loc":{"start":{"line":4,"column":33},"end":{"line":22,"column":1}},"line":4}},"branchMap":{},"s":{"0":0,"1":0,"2":0,"3":0},"f":{"0":0},"b":{},"_coverageSchema":"1a1c01bbd47fc00a2c39e90264f33305004495a9","hash":"7adea0b9a741945389b47a1fe23d2a9968393099"}
,"C:\\Users\\Admin\\Desktop\\grupo-2\\booking-project\\src\\components\\carDetails\\CarDescription.jsx": {"path":"C:\\Users\\Admin\\Desktop\\grupo-2\\booking-project\\src\\components\\carDetails\\CarDescription.jsx","statementMap":{"0":{"start":{"line":5,"column":23},"end":{"line":32,"column":1}},"1":{"start":{"line":6,"column":2},"end":{"line":31,"column":4}}},"fnMap":{"0":{"name":"(anonymous_0)","decl":{"start":{"line":5,"column":23},"end":{"line":5,"column":24}},"loc":{"start":{"line":5,"column":29},"end":{"line":32,"column":1}},"line":5}},"branchMap":{},"s":{"0":2,"1":0},"f":{"0":0},"b":{},"_coverageSchema":"1a1c01bbd47fc00a2c39e90264f33305004495a9","hash":"b018d42f1b74782ba0a9a53f23764d084b16eefe"}
,"C:\\Users\\Admin\\Desktop\\grupo-2\\booking-project\\src\\components\\carDetails\\CarDetails.js": {"path":"C:\\Users\\Admin\\Desktop\\grupo-2\\booking-project\\src\\components\\carDetails\\CarDetails.js","statementMap":{"0":{"start":{"line":18,"column":19},"end":{"line":37,"column":1}},"1":{"start":{"line":19,"column":34},"end":{"line":19,"column":48}},"2":{"start":{"line":20,"column":38},"end":{"line":20,"column":52}},"3":{"start":{"line":22,"column":17},"end":{"line":22,"column":28}},"4":{"start":{"line":24,"column":4},"end":{"line":34,"column":11}},"5":{"start":{"line":25,"column":8},"end":{"line":29,"column":15}},"6":{"start":{"line":26,"column":27},"end":{"line":26,"column":37}},"7":{"start":{"line":28,"column":16},"end":{"line":28,"column":37}},"8":{"start":{"line":31,"column":8},"end":{"line":33,"column":17}},"9":{"start":{"line":32,"column":12},"end":{"line":32,"column":32}},"10":{"start":{"line":36,"column":4},"end":{"line":36,"column":32}},"11":{"start":{"line":40,"column":24},"end":{"line":50,"column":5}},"12":{"start":{"line":52,"column":27},"end":{"line":52,"column":39}},"13":{"start":{"line":54,"column":4},"end":{"line":54,"column":21}},"14":{"start":{"line":56,"column":4},"end":{"line":87,"column":6}}},"fnMap":{"0":{"name":"(anonymous_0)","decl":{"start":{"line":18,"column":19},"end":{"line":18,"column":20}},"loc":{"start":{"line":18,"column":25},"end":{"line":37,"column":1}},"line":18},"1":{"name":"(anonymous_1)","decl":{"start":{"line":24,"column":14},"end":{"line":24,"column":15}},"loc":{"start":{"line":24,"column":20},"end":{"line":34,"column":5}},"line":24},"2":{"name":"(anonymous_2)","decl":{"start":{"line":26,"column":18},"end":{"line":26,"column":19}},"loc":{"start":{"line":26,"column":27},"end":{"line":26,"column":37}},"line":26},"3":{"name":"(anonymous_3)","decl":{"start":{"line":27,"column":18},"end":{"line":27,"column":19}},"loc":{"start":{"line":27,"column":32},"end":{"line":29,"column":13}},"line":27},"4":{"name":"(anonymous_4)","decl":{"start":{"line":31,"column":19},"end":{"line":31,"column":20}},"loc":{"start":{"line":31,"column":25},"end":{"line":33,"column":9}},"line":31},"5":{"name":"CarDetails","decl":{"start":{"line":39,"column":9},"end":{"line":39,"column":19}},"loc":{"start":{"line":39,"column":22},"end":{"line":88,"column":1}},"line":39}},"branchMap":{"0":{"loc":{"start":{"line":61,"column":12},"end":{"line":84,"column":13}},"type":"cond-expr","locations":[{"start":{"line":61,"column":27},"end":{"line":81,"column":18}},{"start":{"line":82,"column":18},"end":{"line":83,"column":27}}],"line":61}},"s":{"0":2,"1":0,"2":0,"3":0,"4":0,"5":0,"6":0,"7":0,"8":0,"9":0,"10":0,"11":0,"12":0,"13":0,"14":0},"f":{"0":0,"1":0,"2":0,"3":0,"4":0,"5":0},"b":{"0":[0,0]},"_coverageSchema":"1a1c01bbd47fc00a2c39e90264f33305004495a9","hash":"50b08f8e8399645e894f1df2863b1fcda72bd887"}
,"C:\\Users\\Admin\\Desktop\\grupo-2\\booking-project\\src\\components\\carDetails\\CarLocation.jsx": {"path":"C:\\Users\\Admin\\Desktop\\grupo-2\\booking-project\\src\\components\\carDetails\\CarLocation.jsx","statementMap":{"0":{"start":{"line":13,"column":2},"end":{"line":47,"column":4}},"1":{"start":{"line":20,"column":27},"end":{"line":20,"column":48}}},"fnMap":{"0":{"name":"CarLocation","decl":{"start":{"line":11,"column":9},"end":{"line":11,"column":20}},"loc":{"start":{"line":11,"column":28},"end":{"line":48,"column":1}},"line":11},"1":{"name":"(anonymous_1)","decl":{"start":{"line":20,"column":22},"end":{"line":20,"column":23}},"loc":{"start":{"line":20,"column":27},"end":{"line":20,"column":48}},"line":20}},"branchMap":{},"s":{"0":0,"1":0},"f":{"0":0,"1":0},"b":{},"_coverageSchema":"1a1c01bbd47fc00a2c39e90264f33305004495a9","hash":"031bb6852f4135c5717b1cf6fb0eea91795a2561"}
,"C:\\Users\\Admin\\Desktop\\grupo-2\\booking-project\\src\\components\\carDetails\\CarPhotos.jsx": {"path":"C:\\Users\\Admin\\Desktop\\grupo-2\\booking-project\\src\\components\\carDetails\\CarPhotos.jsx","statementMap":{"0":{"start":{"line":11,"column":18},"end":{"line":67,"column":1}},"1":{"start":{"line":12,"column":15},"end":{"line":12,"column":30}},"2":{"start":{"line":14,"column":48},"end":{"line":14,"column":63}},"3":{"start":{"line":16,"column":2},"end":{"line":66,"column":4}},"4":{"start":{"line":31,"column":14},"end":{"line":35,"column":16}},"5":{"start":{"line":40,"column":16},"end":{"line":40,"column":53}},"6":{"start":{"line":55,"column":18},"end":{"line":55,"column":55}}},"fnMap":{"0":{"name":"(anonymous_0)","decl":{"start":{"line":11,"column":18},"end":{"line":11,"column":19}},"loc":{"start":{"line":11,"column":34},"end":{"line":67,"column":1}},"line":11},"1":{"name":"(anonymous_1)","decl":{"start":{"line":30,"column":44},"end":{"line":30,"column":45}},"loc":{"start":{"line":30,"column":56},"end":{"line":36,"column":13}},"line":30},"2":{"name":"(anonymous_2)","decl":{"start":{"line":39,"column":23},"end":{"line":39,"column":24}},"loc":{"start":{"line":39,"column":29},"end":{"line":41,"column":15}},"line":39},"3":{"name":"(anonymous_3)","decl":{"start":{"line":54,"column":25},"end":{"line":54,"column":26}},"loc":{"start":{"line":54,"column":31},"end":{"line":56,"column":17}},"line":54}},"branchMap":{"0":{"loc":{"start":{"line":27,"column":22},"end":{"line":27,"column":45}},"type":"cond-expr","locations":[{"start":{"line":27,"column":29},"end":{"line":27,"column":40}},{"start":{"line":27,"column":43},"end":{"line":27,"column":45}}],"line":27},"1":{"loc":{"start":{"line":48,"column":7},"end":{"line":64,"column":7}},"type":"binary-expr","locations":[{"start":{"line":48,"column":7},"end":{"line":48,"column":22}},{"start":{"line":49,"column":8},"end":{"line":63,"column":18}}],"line":48}},"s":{"0":2,"1":0,"2":0,"3":0,"4":0,"5":0,"6":0},"f":{"0":0,"1":0,"2":0,"3":0},"b":{"0":[0,0],"1":[0,0]},"_coverageSchema":"1a1c01bbd47fc00a2c39e90264f33305004495a9","hash":"ab3090b9e5901204660b7293b2fa0d6dfecfd305"}
,"C:\\Users\\Admin\\Desktop\\grupo-2\\booking-project\\src\\components\\carDetails\\CarPickupPoint.jsx": {"path":"C:\\Users\\Admin\\Desktop\\grupo-2\\booking-project\\src\\components\\carDetails\\CarPickupPoint.jsx","statementMap":{"0":{"start":{"line":5,"column":23},"end":{"line":30,"column":1}},"1":{"start":{"line":7,"column":4},"end":{"line":29,"column":5}}},"fnMap":{"0":{"name":"(anonymous_0)","decl":{"start":{"line":5,"column":23},"end":{"line":5,"column":24}},"loc":{"start":{"line":5,"column":29},"end":{"line":30,"column":1}},"line":5}},"branchMap":{},"s":{"0":2,"1":0},"f":{"0":0},"b":{},"_coverageSchema":"1a1c01bbd47fc00a2c39e90264f33305004495a9","hash":"d03b473538a71410b224cf956ac822e0644dc33f"}
,"C:\\Users\\Admin\\Desktop\\grupo-2\\booking-project\\src\\components\\carDetails\\CarReservation.jsx": {"path":"C:\\Users\\Admin\\Desktop\\grupo-2\\booking-project\\src\\components\\carDetails\\CarReservation.jsx","statementMap":{"0":{"start":{"line":7,"column":23},"end":{"line":38,"column":1}},"1":{"start":{"line":9,"column":4},"end":{"line":37,"column":5}}},"fnMap":{"0":{"name":"(anonymous_0)","decl":{"start":{"line":7,"column":23},"end":{"line":7,"column":24}},"loc":{"start":{"line":7,"column":29},"end":{"line":38,"column":1}},"line":7}},"branchMap":{},"s":{"0":2,"1":0},"f":{"0":0},"b":{},"_coverageSchema":"1a1c01bbd47fc00a2c39e90264f33305004495a9","hash":"33854560a6683b680024add0eb7307e57bac0097"}
,"C:\\Users\\Admin\\Desktop\\grupo-2\\booking-project\\src\\components\\carDetails\\CarServices.jsx": {"path":"C:\\Users\\Admin\\Desktop\\grupo-2\\booking-project\\src\\components\\carDetails\\CarServices.jsx","statementMap":{"0":{"start":{"line":6,"column":20},"end":{"line":28,"column":1}},"1":{"start":{"line":8,"column":21},"end":{"line":8,"column":29}},"2":{"start":{"line":10,"column":2},"end":{"line":27,"column":4}},"3":{"start":{"line":18,"column":10},"end":{"line":23,"column":12}}},"fnMap":{"0":{"name":"(anonymous_0)","decl":{"start":{"line":6,"column":20},"end":{"line":6,"column":21}},"loc":{"start":{"line":6,"column":26},"end":{"line":28,"column":1}},"line":6},"1":{"name":"(anonymous_1)","decl":{"start":{"line":17,"column":22},"end":{"line":17,"column":23}},"loc":{"start":{"line":17,"column":33},"end":{"line":24,"column":9}},"line":17}},"branchMap":{},"s":{"0":2,"1":0,"2":0,"3":0},"f":{"0":0,"1":0},"b":{},"_coverageSchema":"1a1c01bbd47fc00a2c39e90264f33305004495a9","hash":"4e48416a04a588d3456e9e7510a24144c1e21855"}
,"C:\\Users\\Admin\\Desktop\\grupo-2\\booking-project\\src\\components\\carDetails\\Carrousel.jsx": {"path":"C:\\Users\\Admin\\Desktop\\grupo-2\\booking-project\\src\\components\\carDetails\\Carrousel.jsx","statementMap":{"0":{"start":{"line":7,"column":0},"end":{"line":7,"column":37}},"1":{"start":{"line":10,"column":18},"end":{"line":63,"column":1}},"2":{"start":{"line":12,"column":42},"end":{"line":12,"column":56}},"3":{"start":{"line":14,"column":4},"end":{"line":62,"column":5}},"4":{"start":{"line":27,"column":20},"end":{"line":38,"column":22}},"5":{"start":{"line":50,"column":20},"end":{"line":58,"column":22}}},"fnMap":{"0":{"name":"(anonymous_0)","decl":{"start":{"line":10,"column":18},"end":{"line":10,"column":19}},"loc":{"start":{"line":10,"column":30},"end":{"line":63,"column":1}},"line":10},"1":{"name":"(anonymous_1)","decl":{"start":{"line":26,"column":41},"end":{"line":26,"column":42}},"loc":{"start":{"line":26,"column":53},"end":{"line":39,"column":19}},"line":26},"2":{"name":"(anonymous_2)","decl":{"start":{"line":49,"column":28},"end":{"line":49,"column":29}},"loc":{"start":{"line":49,"column":40},"end":{"line":59,"column":19}},"line":49}},"branchMap":{},"s":{"0":2,"1":2,"2":0,"3":0,"4":0,"5":0},"f":{"0":0,"1":0,"2":0},"b":{},"_coverageSchema":"1a1c01bbd47fc00a2c39e90264f33305004495a9","hash":"3516c2cabbd8164b46e78958750861ca3dfca072"}
,"C:\\Users\\Admin\\Desktop\\grupo-2\\booking-project\\src\\components\\carDetails\\carCalendar.jsx": {"path":"C:\\Users\\Admin\\Desktop\\grupo-2\\booking-project\\src\\components\\carDetails\\carCalendar.jsx","statementMap":{"0":{"start":{"line":5,"column":30},"end":{"line":5,"column":40}},"1":{"start":{"line":6,"column":30},"end":{"line":6,"column":45}},"2":{"start":{"line":7,"column":16},"end":{"line":7,"column":33}},"3":{"start":{"line":9,"column":2},"end":{"line":36,"column":4}}},"fnMap":{"0":{"name":"CarCalendar","decl":{"start":{"line":4,"column":9},"end":{"line":4,"column":20}},"loc":{"start":{"line":4,"column":23},"end":{"line":37,"column":1}},"line":4}},"branchMap":{},"s":{"0":0,"1":0,"2":0,"3":0},"f":{"0":0},"b":{},"_coverageSchema":"1a1c01bbd47fc00a2c39e90264f33305004495a9","hash":"1c491ed2dab39e04778b842f219016f01e546085"}
,"C:\\Users\\Admin\\Desktop\\grupo-2\\booking-project\\src\\components\\card\\Card.js": {"path":"C:\\Users\\Admin\\Desktop\\grupo-2\\booking-project\\src\\components\\card\\Card.js","statementMap":{"0":{"start":{"line":6,"column":13},"end":{"line":39,"column":1}},"1":{"start":{"line":7,"column":2},"end":{"line":38,"column":4}}},"fnMap":{"0":{"name":"(anonymous_0)","decl":{"start":{"line":6,"column":13},"end":{"line":6,"column":14}},"loc":{"start":{"line":6,"column":74},"end":{"line":39,"column":1}},"line":6}},"branchMap":{},"s":{"0":2,"1":0},"f":{"0":0},"b":{},"_coverageSchema":"1a1c01bbd47fc00a2c39e90264f33305004495a9","hash":"3fa3a4d98258611ffad24a76dcee35fc88e75437"}
,"C:\\Users\\Admin\\Desktop\\grupo-2\\booking-project\\src\\components\\card\\CardsList.js": {"path":"C:\\Users\\Admin\\Desktop\\grupo-2\\booking-project\\src\\components\\card\\CardsList.js","statementMap":{"0":{"start":{"line":5,"column":18},"end":{"line":36,"column":1}},"1":{"start":{"line":7,"column":34},"end":{"line":7,"column":46}},"2":{"start":{"line":9,"column":4},"end":{"line":16,"column":10}},"3":{"start":{"line":10,"column":8},"end":{"line":14,"column":14}},"4":{"start":{"line":12,"column":20},"end":{"line":12,"column":37}},"5":{"start":{"line":18,"column":4},"end":{"line":35,"column":6}},"6":{"start":{"line":23,"column":20},"end":{"line":31,"column":22}}},"fnMap":{"0":{"name":"(anonymous_0)","decl":{"start":{"line":5,"column":18},"end":{"line":5,"column":19}},"loc":{"start":{"line":5,"column":24},"end":{"line":36,"column":1}},"line":5},"1":{"name":"(anonymous_1)","decl":{"start":{"line":9,"column":14},"end":{"line":9,"column":15}},"loc":{"start":{"line":9,"column":20},"end":{"line":16,"column":5}},"line":9},"2":{"name":"(anonymous_2)","decl":{"start":{"line":11,"column":18},"end":{"line":11,"column":19}},"loc":{"start":{"line":11,"column":27},"end":{"line":14,"column":13}},"line":11},"3":{"name":"(anonymous_3)","decl":{"start":{"line":22,"column":29},"end":{"line":22,"column":30}},"loc":{"start":{"line":23,"column":20},"end":{"line":31,"column":22}},"line":23}},"branchMap":{},"s":{"0":2,"1":1,"2":1,"3":1,"4":0,"5":1,"6":0},"f":{"0":1,"1":1,"2":0,"3":0},"b":{},"_coverageSchema":"1a1c01bbd47fc00a2c39e90264f33305004495a9","hash":"8cc06c1598f90db92b30195397e0ac2d0a5ad754"}
,"C:\\Users\\Admin\\Desktop\\grupo-2\\booking-project\\src\\components\\category\\Category.js": {"path":"C:\\Users\\Admin\\Desktop\\grupo-2\\booking-project\\src\\components\\category\\Category.js","statementMap":{"0":{"start":{"line":4,"column":24},"end":{"line":41,"column":1}},"1":{"start":{"line":5,"column":34},"end":{"line":5,"column":46}},"2":{"start":{"line":7,"column":2},"end":{"line":15,"column":9}},"3":{"start":{"line":8,"column":18},"end":{"line":8,"column":22}},"4":{"start":{"line":9,"column":4},"end":{"line":13,"column":7}},"5":{"start":{"line":10,"column":6},"end":{"line":12,"column":7}},"6":{"start":{"line":11,"column":8},"end":{"line":11,"column":27}},"7":{"start":{"line":14,"column":4},"end":{"line":14,"column":35}},"8":{"start":{"line":14,"column":18},"end":{"line":14,"column":33}},"9":{"start":{"line":17,"column":2},"end":{"line":40,"column":4}},"10":{"start":{"line":23,"column":10},"end":{"line":36,"column":15}}},"fnMap":{"0":{"name":"(anonymous_0)","decl":{"start":{"line":4,"column":24},"end":{"line":4,"column":25}},"loc":{"start":{"line":4,"column":30},"end":{"line":41,"column":1}},"line":4},"1":{"name":"(anonymous_1)","decl":{"start":{"line":7,"column":12},"end":{"line":7,"column":13}},"loc":{"start":{"line":7,"column":18},"end":{"line":15,"column":3}},"line":7},"2":{"name":"(anonymous_2)","decl":{"start":{"line":9,"column":23},"end":{"line":9,"column":24}},"loc":{"start":{"line":9,"column":34},"end":{"line":13,"column":5}},"line":9},"3":{"name":"(anonymous_3)","decl":{"start":{"line":14,"column":11},"end":{"line":14,"column":12}},"loc":{"start":{"line":14,"column":18},"end":{"line":14,"column":33}},"line":14},"4":{"name":"(anonymous_4)","decl":{"start":{"line":22,"column":22},"end":{"line":22,"column":23}},"loc":{"start":{"line":23,"column":10},"end":{"line":36,"column":15}},"line":23}},"branchMap":{"0":{"loc":{"start":{"line":10,"column":6},"end":{"line":12,"column":7}},"type":"if","locations":[{"start":{"line":10,"column":6},"end":{"line":12,"column":7}},{"start":{"line":10,"column":6},"end":{"line":12,"column":7}}],"line":10}},"s":{"0":3,"1":2,"2":2,"3":2,"4":2,"5":0,"6":0,"7":2,"8":2,"9":2,"10":0},"f":{"0":2,"1":2,"2":0,"3":2,"4":0},"b":{"0":[0,0]},"_coverageSchema":"1a1c01bbd47fc00a2c39e90264f33305004495a9","hash":"9c48be670030e0b5cf6ab03acace226e46b732b6"}
,"C:\\Users\\Admin\\Desktop\\grupo-2\\booking-project\\src\\components\\context\\context.js": {"path":"C:\\Users\\Admin\\Desktop\\grupo-2\\booking-project\\src\\components\\context\\context.js","statementMap":{"0":{"start":{"line":3,"column":27},"end":{"line":3,"column":44}}},"fnMap":{},"branchMap":{},"s":{"0":6},"f":{},"b":{},"_coverageSchema":"1a1c01bbd47fc00a2c39e90264f33305004495a9","hash":"40e978542e9cdac5fbd9b5e5ef68be60ef995c3d"}
,"C:\\Users\\Admin\\Desktop\\grupo-2\\booking-project\\src\\components\\footer\\Footer.js": {"path":"C:\\Users\\Admin\\Desktop\\grupo-2\\booking-project\\src\\components\\footer\\Footer.js","statementMap":{"0":{"start":{"line":4,"column":22},"end":{"line":18,"column":1}},"1":{"start":{"line":8,"column":4},"end":{"line":17,"column":5}}},"fnMap":{"0":{"name":"(anonymous_0)","decl":{"start":{"line":4,"column":22},"end":{"line":4,"column":23}},"loc":{"start":{"line":4,"column":28},"end":{"line":18,"column":1}},"line":4}},"branchMap":{},"s":{"0":3,"1":5},"f":{"0":5},"b":{},"_coverageSchema":"1a1c01bbd47fc00a2c39e90264f33305004495a9","hash":"b74a4773da299c0e3b97c964542afb149f95383b"}
,"C:\\Users\\Admin\\Desktop\\grupo-2\\booking-project\\src\\components\\loading\\Loading.js": {"path":"C:\\Users\\Admin\\Desktop\\grupo-2\\booking-project\\src\\components\\loading\\Loading.js","statementMap":{"0":{"start":{"line":3,"column":16},"end":{"line":13,"column":1}},"1":{"start":{"line":4,"column":4},"end":{"line":12,"column":5}}},"fnMap":{"0":{"name":"(anonymous_0)","decl":{"start":{"line":3,"column":16},"end":{"line":3,"column":17}},"loc":{"start":{"line":3,"column":22},"end":{"line":13,"column":1}},"line":3}},"branchMap":{},"s":{"0":2,"1":0},"f":{"0":0},"b":{},"_coverageSchema":"1a1c01bbd47fc00a2c39e90264f33305004495a9","hash":"8006f7972c40630c1f19d6b6629c377d049d94a1"}
,"C:\\Users\\Admin\\Desktop\\grupo-2\\booking-project\\src\\components\\navbar\\Nav.js": {"path":"C:\\Users\\Admin\\Desktop\\grupo-2\\booking-project\\src\\components\\navbar\\Nav.js","statementMap":{"0":{"start":{"line":10,"column":19},"end":{"line":68,"column":1}},"1":{"start":{"line":12,"column":23},"end":{"line":15,"column":5}},"2":{"start":{"line":13,"column":22},"end":{"line":13,"column":52}},"3":{"start":{"line":14,"column":8},"end":{"line":14,"column":42}},"4":{"start":{"line":17,"column":32},"end":{"line":17,"column":55}},"5":{"start":{"line":19,"column":4},"end":{"line":67,"column":5}},"6":{"start":{"line":56,"column":32},"end":{"line":56,"column":124}}},"fnMap":{"0":{"name":"(anonymous_0)","decl":{"start":{"line":10,"column":19},"end":{"line":10,"column":20}},"loc":{"start":{"line":10,"column":37},"end":{"line":68,"column":1}},"line":10},"1":{"name":"(anonymous_1)","decl":{"start":{"line":12,"column":23},"end":{"line":12,"column":24}},"loc":{"start":{"line":12,"column":28},"end":{"line":15,"column":5}},"line":12},"2":{"name":"(anonymous_2)","decl":{"start":{"line":55,"column":40},"end":{"line":55,"column":41}},"loc":{"start":{"line":55,"column":69},"end":{"line":58,"column":29}},"line":55}},"branchMap":{"0":{"loc":{"start":{"line":37,"column":21},"end":{"line":38,"column":57}},"type":"binary-expr","locations":[{"start":{"line":37,"column":21},"end":{"line":37,"column":49}},{"start":{"line":38,"column":21},"end":{"line":38,"column":57}}],"line":37},"1":{"loc":{"start":{"line":44,"column":24},"end":{"line":58,"column":30}},"type":"cond-expr","locations":[{"start":{"line":46,"column":24},"end":{"line":46,"column":37}},{"start":{"line":49,"column":24},"end":{"line":58,"column":30}}],"line":44},"2":{"loc":{"start":{"line":49,"column":24},"end":{"line":58,"column":30}},"type":"cond-expr","locations":[{"start":{"line":51,"column":24},"end":{"line":51,"column":85}},{"start":{"line":54,"column":24},"end":{"line":58,"column":30}}],"line":49},"3":{"loc":{"start":{"line":54,"column":24},"end":{"line":58,"column":30}},"type":"binary-expr","locations":[{"start":{"line":54,"column":24},"end":{"line":54,"column":46}},{"start":{"line":55,"column":24},"end":{"line":58,"column":30}}],"line":54}},"s":{"0":5,"1":1,"2":0,"3":0,"4":1,"5":1,"6":2},"f":{"0":1,"1":0,"2":2},"b":{"0":[1,1],"1":[0,1],"2":[0,1],"3":[1,1]},"_coverageSchema":"1a1c01bbd47fc00a2c39e90264f33305004495a9","hash":"6e0f11e854c83036e21b75de9999bf8c853209c5"}
,"C:\\Users\\Admin\\Desktop\\grupo-2\\booking-project\\src\\components\\policies\\Policies.js": {"path":"C:\\Users\\Admin\\Desktop\\grupo-2\\booking-project\\src\\components\\policies\\Policies.js","statementMap":{"0":{"start":{"line":5,"column":17},"end":{"line":43,"column":1}},"1":{"start":{"line":6,"column":4},"end":{"line":42,"column":5}}},"fnMap":{"0":{"name":"(anonymous_0)","decl":{"start":{"line":5,"column":17},"end":{"line":5,"column":18}},"loc":{"start":{"line":5,"column":23},"end":{"line":43,"column":1}},"line":5}},"branchMap":{},"s":{"0":3,"1":0},"f":{"0":0},"b":{},"_coverageSchema":"1a1c01bbd47fc00a2c39e90264f33305004495a9","hash":"24cf3cf9aa15531047267eda239e9ad45f9aeb8d"}
,"C:\\Users\\Admin\\Desktop\\grupo-2\\booking-project\\src\\components\\routers\\AppRouter.js": {"path":"C:\\Users\\Admin\\Desktop\\grupo-2\\booking-project\\src\\components\\routers\\AppRouter.js","statementMap":{"0":{"start":{"line":13,"column":25},"end":{"line":28,"column":1}},"1":{"start":{"line":14,"column":4},"end":{"line":27,"column":5}}},"fnMap":{"0":{"name":"(anonymous_0)","decl":{"start":{"line":13,"column":25},"end":{"line":13,"column":26}},"loc":{"start":{"line":13,"column":31},"end":{"line":28,"column":1}},"line":13}},"branchMap":{},"s":{"0":2,"1":5},"f":{"0":5},"b":{},"_coverageSchema":"1a1c01bbd47fc00a2c39e90264f33305004495a9","hash":"49b84cc8c6b35af158a8fb0b53dbd89dfe76b916"}
,"C:\\Users\\Admin\\Desktop\\grupo-2\\booking-project\\src\\components\\routers\\AuthRouter.js": {"path":"C:\\Users\\Admin\\Desktop\\grupo-2\\booking-project\\src\\components\\routers\\AuthRouter.js","statementMap":{"0":{"start":{"line":11,"column":26},"end":{"line":21,"column":1}},"1":{"start":{"line":12,"column":4},"end":{"line":20,"column":5}}},"fnMap":{"0":{"name":"(anonymous_0)","decl":{"start":{"line":11,"column":26},"end":{"line":11,"column":27}},"loc":{"start":{"line":11,"column":32},"end":{"line":21,"column":1}},"line":11}},"branchMap":{},"s":{"0":2,"1":3},"f":{"0":3},"b":{},"_coverageSchema":"1a1c01bbd47fc00a2c39e90264f33305004495a9","hash":"f1e88c093677e35f72b99ab1bc451ff95cfedd25"}
,"C:\\Users\\Admin\\Desktop\\grupo-2\\booking-project\\src\\components\\search\\Calendar.js": {"path":"C:\\Users\\Admin\\Desktop\\grupo-2\\booking-project\\src\\components\\search\\Calendar.js","statementMap":{"0":{"start":{"line":7,"column":32},"end":{"line":7,"column":42}},"1":{"start":{"line":9,"column":18},"end":{"line":9,"column":35}},"2":{"start":{"line":11,"column":4},"end":{"line":20,"column":5}}},"fnMap":{"0":{"name":"Calendar","decl":{"start":{"line":5,"column":9},"end":{"line":5,"column":17}},"loc":{"start":{"line":5,"column":20},"end":{"line":22,"column":1}},"line":5}},"branchMap":{},"s":{"0":1,"1":1,"2":1},"f":{"0":1},"b":{},"_coverageSchema":"1a1c01bbd47fc00a2c39e90264f33305004495a9","hash":"35fdfd11837e70a10f621264bbbe909808aca855"}
,"C:\\Users\\Admin\\Desktop\\grupo-2\\booking-project\\src\\components\\search\\CalendarResponsive.js": {"path":"C:\\Users\\Admin\\Desktop\\grupo-2\\booking-project\\src\\components\\search\\CalendarResponsive.js","statementMap":{"0":{"start":{"line":7,"column":32},"end":{"line":7,"column":42}},"1":{"start":{"line":9,"column":18},"end":{"line":9,"column":35}},"2":{"start":{"line":11,"column":4},"end":{"line":20,"column":5}}},"fnMap":{"0":{"name":"CalendarResponsive","decl":{"start":{"line":5,"column":9},"end":{"line":5,"column":27}},"loc":{"start":{"line":5,"column":30},"end":{"line":22,"column":1}},"line":5}},"branchMap":{},"s":{"0":1,"1":1,"2":1},"f":{"0":1},"b":{},"_coverageSchema":"1a1c01bbd47fc00a2c39e90264f33305004495a9","hash":"0afc1603ef564a1b7f3abbe822dcbc70f4a96178"}
,"C:\\Users\\Admin\\Desktop\\grupo-2\\booking-project\\src\\components\\search\\Search.js": {"path":"C:\\Users\\Admin\\Desktop\\grupo-2\\booking-project\\src\\components\\search\\Search.js","statementMap":{"0":{"start":{"line":6,"column":15},"end":{"line":66,"column":1}},"1":{"start":{"line":7,"column":25},"end":{"line":7,"column":76}},"2":{"start":{"line":8,"column":28},"end":{"line":8,"column":50}},"3":{"start":{"line":10,"column":4},"end":{"line":18,"column":11}},"4":{"start":{"line":11,"column":22},"end":{"line":11,"column":26}},"5":{"start":{"line":12,"column":8},"end":{"line":16,"column":11}},"6":{"start":{"line":13,"column":12},"end":{"line":15,"column":13}},"7":{"start":{"line":14,"column":16},"end":{"line":14,"column":42}},"8":{"start":{"line":17,"column":8},"end":{"line":17,"column":39}},"9":{"start":{"line":17,"column":22},"end":{"line":17,"column":37}},"10":{"start":{"line":20,"column":4},"end":{"line":65,"column":6}},"11":{"start":{"line":29,"column":49},"end":{"line":35,"column":24}}},"fnMap":{"0":{"name":"(anonymous_0)","decl":{"start":{"line":6,"column":15},"end":{"line":6,"column":16}},"loc":{"start":{"line":6,"column":36},"end":{"line":66,"column":1}},"line":6},"1":{"name":"(anonymous_1)","decl":{"start":{"line":10,"column":14},"end":{"line":10,"column":15}},"loc":{"start":{"line":10,"column":20},"end":{"line":18,"column":5}},"line":10},"2":{"name":"(anonymous_2)","decl":{"start":{"line":12,"column":23},"end":{"line":12,"column":24}},"loc":{"start":{"line":12,"column":34},"end":{"line":16,"column":9}},"line":12},"3":{"name":"(anonymous_3)","decl":{"start":{"line":17,"column":15},"end":{"line":17,"column":16}},"loc":{"start":{"line":17,"column":22},"end":{"line":17,"column":37}},"line":17},"4":{"name":"(anonymous_4)","decl":{"start":{"line":29,"column":34},"end":{"line":29,"column":35}},"loc":{"start":{"line":29,"column":49},"end":{"line":35,"column":24}},"line":29}},"branchMap":{"0":{"loc":{"start":{"line":13,"column":12},"end":{"line":15,"column":13}},"type":"if","locations":[{"start":{"line":13,"column":12},"end":{"line":15,"column":13}},{"start":{"line":13,"column":12},"end":{"line":15,"column":13}}],"line":13}},"s":{"0":2,"1":1,"2":1,"3":1,"4":1,"5":1,"6":0,"7":0,"8":1,"9":1,"10":1,"11":3},"f":{"0":1,"1":1,"2":0,"3":1,"4":3},"b":{"0":[0,0]},"_coverageSchema":"1a1c01bbd47fc00a2c39e90264f33305004495a9","hash":"4f45fa92bb8bbadc37e82296c1fbbfe187033a99"}
,"C:\\Users\\Admin\\Desktop\\grupo-2\\booking-project\\src\\components\\socialMedia\\SocialMediaGroup.js": {"path":"C:\\Users\\Admin\\Desktop\\grupo-2\\booking-project\\src\\components\\socialMedia\\SocialMediaGroup.js","statementMap":{"0":{"start":{"line":3,"column":32},"end":{"line":15,"column":1}},"1":{"start":{"line":4,"column":4},"end":{"line":14,"column":5}}},"fnMap":{"0":{"name":"(anonymous_0)","decl":{"start":{"line":3,"column":32},"end":{"line":3,"column":33}},"loc":{"start":{"line":3,"column":38},"end":{"line":15,"column":1}},"line":3}},"branchMap":{},"s":{"0":7,"1":6},"f":{"0":6},"b":{},"_coverageSchema":"1a1c01bbd47fc00a2c39e90264f33305004495a9","hash":"bdad9d111d9de5c5060c337f67b596fbfce6aa33"}
,"C:\\Users\\Admin\\Desktop\\grupo-2\\booking-project\\src\\components\\userProfile\\UserProfile.js": {"path":"C:\\Users\\Admin\\Desktop\\grupo-2\\booking-project\\src\\components\\userProfile\\UserProfile.js","statementMap":{"0":{"start":{"line":3,"column":27},"end":{"line":29,"column":1}},"1":{"start":{"line":4,"column":19},"end":{"line":4,"column":25}},"2":{"start":{"line":5,"column":4},"end":{"line":28,"column":5}},"3":{"start":{"line":13,"column":96},"end":{"line":15,"column":18}},"4":{"start":{"line":22,"column":48},"end":{"line":24,"column":18}}},"fnMap":{"0":{"name":"(anonymous_0)","decl":{"start":{"line":3,"column":27},"end":{"line":3,"column":28}},"loc":{"start":{"line":3,"column":54},"end":{"line":29,"column":1}},"line":3},"1":{"name":"(anonymous_1)","decl":{"start":{"line":13,"column":92},"end":{"line":13,"column":93}},"loc":{"start":{"line":13,"column":96},"end":{"line":15,"column":18}},"line":13},"2":{"name":"(anonymous_2)","decl":{"start":{"line":22,"column":44},"end":{"line":22,"column":45}},"loc":{"start":{"line":22,"column":48},"end":{"line":24,"column":18}},"line":22}},"branchMap":{},"s":{"0":5,"1":0,"2":0,"3":0,"4":0},"f":{"0":0,"1":0,"2":0},"b":{},"_coverageSchema":"1a1c01bbd47fc00a2c39e90264f33305004495a9","hash":"6a4f83f42c1ca795f5479aa10ede21cea0d8ea5f"}
,"C:\\Users\\Admin\\Desktop\\grupo-2\\booking-project\\src\\hooks\\useForms.js": {"path":"C:\\Users\\Admin\\Desktop\\grupo-2\\booking-project\\src\\hooks\\useForms.js","statementMap":{"0":{"start":{"line":4,"column":23},"end":{"line":24,"column":1}},"1":{"start":{"line":6,"column":32},"end":{"line":6,"column":54}},"2":{"start":{"line":8,"column":18},"end":{"line":10,"column":5}},"3":{"start":{"line":9,"column":8},"end":{"line":9,"column":34}},"4":{"start":{"line":13,"column":30},"end":{"line":20,"column":5}},"5":{"start":{"line":15,"column":8},"end":{"line":18,"column":11}},"6":{"start":{"line":22,"column":4},"end":{"line":22,"column":48}}},"fnMap":{"0":{"name":"(anonymous_0)","decl":{"start":{"line":4,"column":23},"end":{"line":4,"column":24}},"loc":{"start":{"line":4,"column":48},"end":{"line":24,"column":1}},"line":4},"1":{"name":"(anonymous_1)","decl":{"start":{"line":8,"column":18},"end":{"line":8,"column":19}},"loc":{"start":{"line":8,"column":24},"end":{"line":10,"column":5}},"line":8},"2":{"name":"(anonymous_2)","decl":{"start":{"line":13,"column":30},"end":{"line":13,"column":31}},"loc":{"start":{"line":13,"column":46},"end":{"line":20,"column":5}},"line":13}},"branchMap":{"0":{"loc":{"start":{"line":4,"column":25},"end":{"line":4,"column":42}},"type":"default-arg","locations":[{"start":{"line":4,"column":40},"end":{"line":4,"column":42}}],"line":4}},"s":{"0":0,"1":0,"2":0,"3":0,"4":0,"5":0,"6":0},"f":{"0":0,"1":0,"2":0},"b":{"0":[0]}}
,"C:\\Users\\Admin\\Desktop\\grupo-2\\booking-project\\src\\service\\category.js": {"path":"C:\\Users\\Admin\\Desktop\\grupo-2\\booking-project\\src\\service\\category.js","statementMap":{"0":{"start":{"line":2,"column":4},"end":{"line":3,"column":32}},"1":{"start":{"line":3,"column":20},"end":{"line":3,"column":31}}},"fnMap":{"0":{"name":"getCategory","decl":{"start":{"line":1,"column":16},"end":{"line":1,"column":27}},"loc":{"start":{"line":1,"column":30},"end":{"line":4,"column":3}},"line":1},"1":{"name":"(anonymous_1)","decl":{"start":{"line":3,"column":12},"end":{"line":3,"column":13}},"loc":{"start":{"line":3,"column":20},"end":{"line":3,"column":31}},"line":3}},"branchMap":{},"s":{"0":2,"1":0},"f":{"0":2,"1":0},"b":{},"_coverageSchema":"1a1c01bbd47fc00a2c39e90264f33305004495a9","hash":"d161ea08e737f02ffa8d648f0a8e6c5bf2ba47d6"}
,"C:\\Users\\Admin\\Desktop\\grupo-2\\booking-project\\src\\service\\city.js": {"path":"C:\\Users\\Admin\\Desktop\\grupo-2\\booking-project\\src\\service\\city.js","statementMap":{"0":{"start":{"line":2,"column":4},"end":{"line":3,"column":32}},"1":{"start":{"line":3,"column":20},"end":{"line":3,"column":31}}},"fnMap":{"0":{"name":"getCity","decl":{"start":{"line":1,"column":16},"end":{"line":1,"column":23}},"loc":{"start":{"line":1,"column":26},"end":{"line":4,"column":3}},"line":1},"1":{"name":"(anonymous_1)","decl":{"start":{"line":3,"column":12},"end":{"line":3,"column":13}},"loc":{"start":{"line":3,"column":20},"end":{"line":3,"column":31}},"line":3}},"branchMap":{},"s":{"0":1,"1":0},"f":{"0":1,"1":0},"b":{},"_coverageSchema":"1a1c01bbd47fc00a2c39e90264f33305004495a9","hash":"aa7856e1f352d7b9a9854c8ebf877399fa309261"}
,"C:\\Users\\Admin\\Desktop\\grupo-2\\booking-project\\src\\service\\product.js": {"path":"C:\\Users\\Admin\\Desktop\\grupo-2\\booking-project\\src\\service\\product.js","statementMap":{"0":{"start":{"line":2,"column":4},"end":{"line":3,"column":32}},"1":{"start":{"line":3,"column":20},"end":{"line":3,"column":31}}},"fnMap":{"0":{"name":"getProduct","decl":{"start":{"line":1,"column":16},"end":{"line":1,"column":26}},"loc":{"start":{"line":1,"column":29},"end":{"line":4,"column":3}},"line":1},"1":{"name":"(anonymous_1)","decl":{"start":{"line":3,"column":12},"end":{"line":3,"column":13}},"loc":{"start":{"line":3,"column":20},"end":{"line":3,"column":31}},"line":3}},"branchMap":{},"s":{"0":1,"1":0},"f":{"0":1,"1":0},"b":{},"_coverageSchema":"1a1c01bbd47fc00a2c39e90264f33305004495a9","hash":"fed31f34fe7901e4489b33432263abc644450af0"}
}
